d:\cplusplus_code\moxingdingyi\moxingdingyi\debug\vc142.pdb
d:\cplusplus_code\moxingdingyi\moxingdingyi\debug\stdafx.obj
d:\cplusplus_code\moxingdingyi\moxingdingyi\debug\stationtimepeopleflow.obj
d:\cplusplus_code\moxingdingyi\moxingdingyi\debug\stationpeopletimeform.obj
d:\cplusplus_code\moxingdingyi\moxingdingyi\debug\stationlogicform.obj
d:\cplusplus_code\moxingdingyi\moxingdingyi\debug\single_project_updownpeopleform.obj
d:\cplusplus_code\moxingdingyi\moxingdingyi\debug\singleaxis.obj
d:\cplusplus_code\moxingdingyi\moxingdingyi\debug\simulateroadform.obj
d:\cplusplus_code\moxingdingyi\moxingdingyi\debug\realroadform.obj
d:\cplusplus_code\moxingdingyi\moxingdingyi\debug\projectpropertyform.obj
d:\cplusplus_code\moxingdingyi\moxingdingyi\debug\powerdissipationform1.obj
d:\cplusplus_code\moxingdingyi\moxingdingyi\debug\powerdissipation.obj
d:\cplusplus_code\moxingdingyi\moxingdingyi\debug\peopleflowform.obj
d:\cplusplus_code\moxingdingyi\moxingdingyi\debug\peoplechangedform.obj
d:\cplusplus_code\moxingdingyi\moxingdingyi\debug\moxing.obj
d:\cplusplus_code\moxingdingyi\moxingdingyi\debug\manydaysform.obj
d:\cplusplus_code\moxingdingyi\moxingdingyi\debug\liechedingyi.obj
d:\cplusplus_code\moxingdingyi\moxingdingyi\debug\guidaoxuanze.obj
d:\cplusplus_code\moxingdingyi\moxingdingyi\debug\fanganxuanze.obj
d:\cplusplus_code\moxingdingyi\moxingdingyi\debug\buslineinfo.obj
d:\cplusplus_code\moxingdingyi\moxingdingyi\debug\beginform.obj
d:\cplusplus_code\moxingdingyi\moxingdingyi\debug\xianludingyi.obj
d:\cplusplus_code\moxingdingyi\moxingdingyi\debug\turntosingleform.obj
d:\cplusplus_code\moxingdingyi\moxingdingyi\debug\timeandpeopleflowform.obj
d:\cplusplus_code\moxingdingyi\moxingdingyi\debug\timeandemptyrateform.obj
d:\cplusplus_code\moxingdingyi\moxingdingyi\debug\vc141.pdb
d:\cplusplus_code\moxingdingyi\moxingdingyi\debug\.netframework,version=v4.6.1.assemblyattributes.obj
d:\cplusplus_code\moxingdingyi\moxingdingyi\debug\.netframework,version=v4.6.1.assemblyattributes.asm
d:\cplusplus_code\moxingdingyi\debug\moxingdingyi.exe
d:\cplusplus_code\moxingdingyi\debug\moxingdingyi.pdb
d:\cplusplus_code\moxingdingyi\moxingdingyi\debug\moxingdingyi.projectpropertyform.resources
d:\cplusplus_code\moxingdingyi\moxingdingyi\debug\moxingdingyi.realroadform.resources
d:\cplusplus_code\moxingdingyi\moxingdingyi\debug\moxingdingyi.simulateroadform.resources
d:\cplusplus_code\moxingdingyi\moxingdingyi\debug\moxingdingyi.stationlogicform.resources
d:\cplusplus_code\moxingdingyi\moxingdingyi\debug\moxingdingyi.vcxproj.generateresource.cache
d:\cplusplus_code\moxingdingyi\moxingdingyi\debug\moxingdingyi.vcxprojassemblyreference.cache
d:\cplusplus_code\moxingdingyi\moxingdingyi\debug\moxingdingyi.tlog\cl.command.1.tlog
d:\cplusplus_code\moxingdingyi\moxingdingyi\debug\moxingdingyi.tlog\cl.read.1.tlog
d:\cplusplus_code\moxingdingyi\moxingdingyi\debug\moxingdingyi.tlog\cl.write.1.tlog
d:\cplusplus_code\moxingdingyi\moxingdingyi\debug\moxingdingyi.tlog\link.12052.delete.1.tlog
d:\cplusplus_code\moxingdingyi\moxingdingyi\debug\moxingdingyi.tlog\link.17588.delete.1.tlog
d:\cplusplus_code\moxingdingyi\moxingdingyi\debug\moxingdingyi.tlog\link.18220-cvtres.read.1.tlog
d:\cplusplus_code\moxingdingyi\moxingdingyi\debug\moxingdingyi.tlog\link.18220-cvtres.write.1.tlog
d:\cplusplus_code\moxingdingyi\moxingdingyi\debug\moxingdingyi.tlog\link.18220-rc.read.1.tlog
d:\cplusplus_code\moxingdingyi\moxingdingyi\debug\moxingdingyi.tlog\link.18220-rc.write.1.tlog
d:\cplusplus_code\moxingdingyi\moxingdingyi\debug\moxingdingyi.tlog\link.18220.read.1.tlog
d:\cplusplus_code\moxingdingyi\moxingdingyi\debug\moxingdingyi.tlog\link.18220.write.1.tlog
d:\cplusplus_code\moxingdingyi\moxingdingyi\debug\moxingdingyi.tlog\link.21304-cvtres.read.1.tlog
d:\cplusplus_code\moxingdingyi\moxingdingyi\debug\moxingdingyi.tlog\link.21304-cvtres.write.1.tlog
d:\cplusplus_code\moxingdingyi\moxingdingyi\debug\moxingdingyi.tlog\link.21304-rc.read.1.tlog
d:\cplusplus_code\moxingdingyi\moxingdingyi\debug\moxingdingyi.tlog\link.21304-rc.write.1.tlog
d:\cplusplus_code\moxingdingyi\moxingdingyi\debug\moxingdingyi.tlog\link.21304.read.1.tlog
d:\cplusplus_code\moxingdingyi\moxingdingyi\debug\moxingdingyi.tlog\link.21304.write.1.tlog
d:\cplusplus_code\moxingdingyi\moxingdingyi\debug\moxingdingyi.tlog\link.3352.delete.1.tlog
d:\cplusplus_code\moxingdingyi\moxingdingyi\debug\moxingdingyi.tlog\link.528.delete.1.tlog
d:\cplusplus_code\moxingdingyi\moxingdingyi\debug\moxingdingyi.tlog\link.command.1.tlog
d:\cplusplus_code\moxingdingyi\moxingdingyi\debug\moxingdingyi.tlog\link.read.1.tlog
d:\cplusplus_code\moxingdingyi\moxingdingyi\debug\moxingdingyi.tlog\link.write.1.tlog
d:\cplusplus_code\moxingdingyi\moxingdingyi\debug\moxingdingyi.tlog\metagen.read.1.tlog
d:\cplusplus_code\moxingdingyi\moxingdingyi\debug\moxingdingyi.tlog\metagen.write.1.tlog
d:\cplusplus_code\moxingdingyi\moxingdingyi\debug\moxingdingyi.tlog\moxingdingyi.write.1u.tlog
